05/11/2017 10:10:16 Using info logging
05/11/2017 10:10:16 Input parameters max_nesting: 10, min_match_length: 5
05/11/2017 10:10:16 Read from MSA file HIV1_ALL_2016_pol_DNA_50_samples.fasta
05/11/2017 10:10:17 Non match intervals: [[11, 15], [22, 36], [42, 375], [383, 384], [397, 437], [443, 455], [461, 461], [467, 512], [518, 528], [536, 569], [578, 587], [593, 656], [668, 699], [707, 746], [752, 752], [776, 848], [856, 867], [873, 911], [920, 953], [959, 983], [989, 1007], [1016, 1034], [1040, 1091], [1097, 1115], [1121, 1184], [1190, 1250], [1262, 1362], [1370, 1451], [1457, 1472], [1478, 1481], [1493, 1502], [1511, 1514], [1523, 1523], [1529, 1535], [1541, 1544], [1550, 1586], [1592, 1595], [1601, 1631], [1655, 1721], [1727, 1763], [1772, 1802], [1808, 1814], [1820, 1826], [1832, 1868], [1874, 1913], [1919, 2012], [2020, 2060], [2066, 2084], [2090, 2108], [2114, 2147], [2153, 2195], [2201, 2201], [2207, 2240], [2246, 2294], [2300, 2366], [2372, 2414], [2420, 2450], [2457, 2496], [2504, 2528], [2534, 2595], [2606, 2630], [2636, 2682], [2693, 2696], [2702, 2714], [2720, 2747], [2753, 2756], [2762, 2777], [2783, 2801], [2807, 2819], [2828, 2828], [2882, 2885], [2891, 2915], [2921, 2921], [2927, 2966], [2975, 2996], [3002, 3041], [3050, 3077], [3083, 3083], [3089, 3092], [3098, 3140], [3146, 3176], [3182, 3183], [3197, 3203], [3215, 3215], [3225, 3225], [3236, 3242], [3251, 3332], [3338, 3345], [3352, 3380], [3386, 3395], [3405, 3411], [3431, 3437], [3464, 3533], [3543, 3549], [3557, 3567], [3576, 3579], [3585, 3590], [3617, 3622]]
05/11/2017 10:10:17 Non match intervals: [[0, 3], [14, 14]]
05/11/2017 10:10:17 Non match intervals: [[0, 0], [11, 14]]
05/11/2017 10:10:17 Non match intervals: [[11, 14]]
05/11/2017 10:10:17 Non match intervals: []
05/11/2017 10:10:20 Non match intervals: []
05/11/2017 10:10:20 Non match intervals: [[0, 3], [9, 12], [71, 71], [79, 79], [109, 117], [170, 170], [184, 234], [288, 333]]
05/11/2017 10:10:20 Non match intervals: []
05/11/2017 10:10:20 Non match intervals: []
05/11/2017 10:10:20 Non match intervals: [[0, 0]]
05/11/2017 10:10:20 Non match intervals: [[0, 7], [50, 50]]
05/11/2017 10:10:20 Non match intervals: []
05/11/2017 10:10:20 Non match intervals: []
05/11/2017 10:10:20 Non match intervals: [[0, 3]]
05/11/2017 10:10:20 Non match intervals: []
05/11/2017 10:10:20 Non match intervals: []
05/11/2017 10:10:20 Non match intervals: []
05/11/2017 10:10:20 Non match intervals: [[0, 45]]
05/11/2017 10:10:20 Non match intervals: [[0, 45]]
05/11/2017 10:10:20 Non match intervals: [[11, 11]]
05/11/2017 10:10:20 Non match intervals: []
05/11/2017 10:10:20 Non match intervals: []
05/11/2017 10:10:20 Non match intervals: [[6, 17], [71, 74], [105, 122], [172, 188], [230, 230], [237, 333]]
05/11/2017 10:10:20 Non match intervals: [[0, 3]]
05/11/2017 10:10:20 Non match intervals: []
05/11/2017 10:10:20 Non match intervals: [[0, 0], [11, 11]]
05/11/2017 10:10:20 Non match intervals: [[12, 12]]
05/11/2017 10:10:20 Non match intervals: [[6, 17]]
05/11/2017 10:10:20 Non match intervals: []
05/11/2017 10:10:20 Non match intervals: []
05/11/2017 10:10:20 Non match intervals: [[0, 10]]
05/11/2017 10:10:21 Non match intervals: [[0, 0], [9, 10]]
05/11/2017 10:10:21 Non match intervals: []
05/11/2017 10:10:21 Non match intervals: [[16, 16]]
05/11/2017 10:10:21 Non match intervals: []
05/11/2017 10:10:21 Non match intervals: [[54, 54], [83, 84]]
05/11/2017 10:10:21 Non match intervals: [[53, 53], [90, 96]]
05/11/2017 10:10:21 Non match intervals: [[0, 1]]
05/11/2017 10:10:21 Non match intervals: []
05/11/2017 10:10:21 Non match intervals: [[0, 86], [95, 96]]
05/11/2017 10:10:21 Non match intervals: []
05/11/2017 10:10:21 Non match intervals: []
05/11/2017 10:10:21 Non match intervals: []
05/11/2017 10:10:21 Non match intervals: [[70, 70], [113, 121], [172, 181], [187, 228], [237, 296], [318, 324], [331, 333]]
05/11/2017 10:10:21 Non match intervals: []
05/11/2017 10:10:21 Non match intervals: []
05/11/2017 10:10:21 Non match intervals: []
05/11/2017 10:10:21 Non match intervals: []
05/11/2017 10:10:21 Non match intervals: []
05/11/2017 10:10:21 Non match intervals: []
05/11/2017 10:10:21 Non match intervals: []
05/11/2017 10:10:21 Non match intervals: []
05/11/2017 10:10:21 Non match intervals: []
05/11/2017 10:10:21 Non match intervals: []
05/11/2017 10:10:21 Non match intervals: [[0, 6], [70, 71], [109, 117], [166, 166], [185, 185], [232, 238], [296, 296], [302, 333]]
05/11/2017 10:10:21 Non match intervals: []
05/11/2017 10:10:21 Non match intervals: []
05/11/2017 10:10:21 Non match intervals: [[8, 8]]
05/11/2017 10:10:21 Non match intervals: []
05/11/2017 10:10:21 Non match intervals: []
05/11/2017 10:10:21 Non match intervals: []
05/11/2017 10:10:21 Non match intervals: [[6, 6]]
05/11/2017 10:10:21 Non match intervals: [[25, 31]]
05/11/2017 10:10:21 Non match intervals: []
05/11/2017 10:10:21 Non match intervals: []
05/11/2017 10:10:21 Non match intervals: [[0, 24]]
05/11/2017 10:10:21 Non match intervals: []
05/11/2017 10:10:21 Non match intervals: []
05/11/2017 10:10:21 Non match intervals: [[6, 12], [72, 96], [108, 108], [117, 117], [173, 228], [237, 293], [300, 333]]
05/11/2017 10:10:21 Non match intervals: []
05/11/2017 10:10:21 Non match intervals: [[0, 6]]
05/11/2017 10:10:21 Non match intervals: []
05/11/2017 10:10:21 Non match intervals: []
05/11/2017 10:10:21 Non match intervals: [[0, 3], [24, 24]]
05/11/2017 10:10:21 Non match intervals: []
05/11/2017 10:10:21 Non match intervals: []
05/11/2017 10:10:21 Non match intervals: [[12, 13], [55, 55]]
05/11/2017 10:10:21 Non match intervals: []
05/11/2017 10:10:21 Non match intervals: [[0, 0], [54, 56]]
05/11/2017 10:10:21 Non match intervals: []
05/11/2017 10:10:21 Non match intervals: [[0, 24]]
05/11/2017 10:10:21 Non match intervals: []
05/11/2017 10:10:21 Non match intervals: []
05/11/2017 10:10:21 Non match intervals: []
05/11/2017 10:10:21 Non match intervals: []
05/11/2017 10:10:21 Non match intervals: [[0, 3], [20, 75], [96, 96], [109, 117], [170, 170], [180, 230], [237, 333]]
05/11/2017 10:10:21 Non match intervals: []
05/11/2017 10:10:21 Non match intervals: []
05/11/2017 10:10:21 Non match intervals: [[0, 0]]
05/11/2017 10:10:21 Non match intervals: []
05/11/2017 10:10:21 Non match intervals: [[0, 1], [11, 50]]
05/11/2017 10:10:21 Non match intervals: []
05/11/2017 10:10:21 Non match intervals: []
05/11/2017 10:10:21 Non match intervals: []
05/11/2017 10:10:21 Non match intervals: []
05/11/2017 10:10:21 Non match intervals: [[54, 62], [83, 83]]
05/11/2017 10:10:21 Non match intervals: []
05/11/2017 10:10:21 Non match intervals: []
05/11/2017 10:10:21 Non match intervals: []
05/11/2017 10:10:21 Non match intervals: []
05/11/2017 10:10:21 Non match intervals: [[12, 12], [75, 75], [96, 96], [109, 110], [166, 166], [180, 180], [186, 232], [296, 323], [329, 333]]
05/11/2017 10:10:21 Non match intervals: [[0, 0], [46, 46]]
05/11/2017 10:10:21 Non match intervals: []
05/11/2017 10:10:21 Non match intervals: []
05/11/2017 10:10:21 Non match intervals: []
05/11/2017 10:10:21 Non match intervals: []
05/11/2017 10:10:21 Non match intervals: []
05/11/2017 10:10:21 Non match intervals: [[0, 3], [71, 71], [166, 166], [181, 186], [237, 320], [330, 333]]
05/11/2017 10:10:21 Non match intervals: [[0, 0], [60, 83]]
05/11/2017 10:10:21 Non match intervals: []
05/11/2017 10:10:21 Non match intervals: []
05/11/2017 10:10:21 Non match intervals: []
05/11/2017 10:10:21 Non match intervals: []
05/11/2017 10:10:21 Non match intervals: [[0, 3], [12, 75], [113, 117], [165, 165], [173, 173], [186, 191], [290, 290], [296, 296], [319, 333]]
05/11/2017 10:10:21 Non match intervals: []
05/11/2017 10:10:21 Non match intervals: [[58, 63]]
05/11/2017 10:10:21 Non match intervals: []
05/11/2017 10:10:21 Non match intervals: []
05/11/2017 10:10:21 Non match intervals: [[0, 3], [12, 14]]
05/11/2017 10:10:21 Non match intervals: [[0, 14]]
05/11/2017 10:10:21 Non match intervals: []
05/11/2017 10:10:21 Non match intervals: []
05/11/2017 10:10:21 Non match intervals: []
05/11/2017 10:10:21 Non match intervals: [[0, 0], [17, 72], [109, 167], [299, 323], [329, 333]]
05/11/2017 10:10:21 Non match intervals: []
05/11/2017 10:10:21 Non match intervals: []
05/11/2017 10:10:21 Non match intervals: []
05/11/2017 10:10:21 Non match intervals: []
05/11/2017 10:10:21 Non match intervals: []
05/11/2017 10:10:21 Non match intervals: []
05/11/2017 10:10:21 Non match intervals: []
05/11/2017 10:10:21 Non match intervals: []
05/11/2017 10:10:21 Non match intervals: []
05/11/2017 10:10:22 Non match intervals: []
05/11/2017 10:10:22 Non match intervals: [[10, 10], [23, 23], [34, 40]]
05/11/2017 10:10:22 Non match intervals: [[0, 0]]
05/11/2017 10:10:22 Non match intervals: [[0, 1]]
05/11/2017 10:10:22 Non match intervals: [[17, 22], [35, 40]]
05/11/2017 10:10:22 Non match intervals: [[27, 31], [39, 40]]
05/11/2017 10:10:22 Non match intervals: [[8, 25], [32, 40]]
05/11/2017 10:10:22 Non match intervals: [[0, 2], [14, 17]]
05/11/2017 10:10:22 Non match intervals: []
05/11/2017 10:10:22 Non match intervals: [[0, 3]]
05/11/2017 10:10:22 Non match intervals: []
05/11/2017 10:10:22 Non match intervals: []
05/11/2017 10:10:22 Non match intervals: [[0, 11], [21, 22]]
05/11/2017 10:10:22 Non match intervals: [[0, 2], [11, 11]]
05/11/2017 10:10:22 Non match intervals: [[10, 11]]
05/11/2017 10:10:22 Non match intervals: [[7, 11]]
05/11/2017 10:10:22 Non match intervals: [[0, 1], [17, 40]]
05/11/2017 10:10:22 Non match intervals: [[6, 10]]
05/11/2017 10:10:22 Non match intervals: []
05/11/2017 10:10:22 Non match intervals: [[0, 0], [19, 23]]
05/11/2017 10:10:22 Non match intervals: [[0, 0], [17, 31], [40, 40]]
05/11/2017 10:10:22 Non match intervals: [[0, 0], [10, 14]]
05/11/2017 10:10:22 Non match intervals: []
05/11/2017 10:10:22 Non match intervals: [[8, 8], [34, 40]]
05/11/2017 10:10:22 Non match intervals: [[0, 0]]
05/11/2017 10:10:22 Non match intervals: [[0, 0]]
05/11/2017 10:10:22 Non match intervals: [[7, 10], [23, 23], [31, 31], [39, 40]]
05/11/2017 10:10:22 Non match intervals: [[7, 8], [27, 31]]
05/11/2017 10:10:22 Non match intervals: [[0, 1], [12, 12]]
05/11/2017 10:10:22 Non match intervals: []
05/11/2017 10:10:22 Non match intervals: []
05/11/2017 10:10:22 Non match intervals: []
05/11/2017 10:10:22 Non match intervals: [[0, 10], [18, 18], [33, 33], [39, 45]]
05/11/2017 10:10:22 Non match intervals: [[8, 10]]
05/11/2017 10:10:22 Non match intervals: []
05/11/2017 10:10:22 Non match intervals: []
05/11/2017 10:10:22 Non match intervals: []
05/11/2017 10:10:22 Non match intervals: []
05/11/2017 10:10:22 Non match intervals: []
05/11/2017 10:10:22 Non match intervals: []
05/11/2017 10:10:22 Non match intervals: []
05/11/2017 10:10:22 Non match intervals: [[0, 0], [9, 9], [34, 45]]
05/11/2017 10:10:22 Non match intervals: [[0, 0], [10, 11]]
05/11/2017 10:10:22 Non match intervals: []
05/11/2017 10:10:22 Non match intervals: [[5, 11]]
05/11/2017 10:10:22 Non match intervals: []
05/11/2017 10:10:22 Non match intervals: []
05/11/2017 10:10:22 Non match intervals: [[15, 15], [28, 33], [39, 45]]
05/11/2017 10:10:22 Non match intervals: []
05/11/2017 10:10:22 Non match intervals: []
05/11/2017 10:10:22 Non match intervals: []
05/11/2017 10:10:22 Non match intervals: [[18, 18]]
05/11/2017 10:10:22 Non match intervals: [[9, 9]]
05/11/2017 10:10:22 Non match intervals: [[0, 0], [9, 10]]
05/11/2017 10:10:22 Non match intervals: []
05/11/2017 10:10:22 Non match intervals: []
05/11/2017 10:10:23 Non match intervals: [[6, 9], [18, 33]]
05/11/2017 10:10:23 Non match intervals: [[0, 0], [11, 15]]
05/11/2017 10:10:23 Non match intervals: []
05/11/2017 10:10:23 Non match intervals: [[0, 2]]
05/11/2017 10:10:23 Non match intervals: [[0, 3], [9, 12], [27, 33]]
05/11/2017 10:10:23 Non match intervals: [[6, 6]]
05/11/2017 10:10:23 Non match intervals: [[0, 6]]
05/11/2017 10:10:23 Non match intervals: []
05/11/2017 10:10:23 Non match intervals: []
05/11/2017 10:10:23 Non match intervals: [[0, 0], [6, 6], [12, 12], [20, 20], [33, 33]]
05/11/2017 10:10:23 Non match intervals: [[12, 12], [29, 33]]
05/11/2017 10:10:23 Non match intervals: [[12, 15], [33, 33]]
05/11/2017 10:10:23 Non match intervals: [[15, 21]]
05/11/2017 10:10:23 Non match intervals: [[0, 0], [6, 6]]
05/11/2017 10:10:23 Non match intervals: []
05/11/2017 10:10:23 Non match intervals: [[0, 0], [8, 9]]
05/11/2017 10:10:23 Non match intervals: [[7, 9]]
05/11/2017 10:10:23 Non match intervals: [[7, 9]]
05/11/2017 10:10:23 Non match intervals: []
05/11/2017 10:10:23 Non match intervals: [[0, 9]]
05/11/2017 10:10:23 Non match intervals: []
05/11/2017 10:10:23 Non match intervals: [[0, 0], [7, 9]]
05/11/2017 10:10:23 Non match intervals: []
05/11/2017 10:10:23 Non match intervals: [[9, 9], [36, 42], [54, 57]]
05/11/2017 10:10:23 Non match intervals: []
05/11/2017 10:10:23 Non match intervals: []
05/11/2017 10:10:23 Non match intervals: []
05/11/2017 10:10:23 Non match intervals: []
05/11/2017 10:10:23 Non match intervals: []
05/11/2017 10:10:23 Non match intervals: [[9, 15], [30, 30], [51, 51]]
05/11/2017 10:10:23 Non match intervals: [[0, 6]]
05/11/2017 10:10:23 Non match intervals: [[0, 6]]
05/11/2017 10:10:23 Non match intervals: []
05/11/2017 10:10:23 Non match intervals: []
05/11/2017 10:10:23 Non match intervals: []
05/11/2017 10:10:23 Non match intervals: [[0, 6]]
05/11/2017 10:10:23 Non match intervals: []
05/11/2017 10:10:23 Non match intervals: []
05/11/2017 10:10:23 Non match intervals: []
05/11/2017 10:10:23 Non match intervals: [[0, 5], [21, 22], [33, 33], [48, 48], [60, 63]]
05/11/2017 10:10:23 Non match intervals: [[21, 21], [48, 48], [60, 63]]
05/11/2017 10:10:23 Non match intervals: []
05/11/2017 10:10:23 Non match intervals: []
05/11/2017 10:10:23 Non match intervals: []
05/11/2017 10:10:23 Non match intervals: [[0, 3], [15, 18], [31, 31]]
05/11/2017 10:10:23 Non match intervals: [[6, 6], [15, 18]]
05/11/2017 10:10:23 Non match intervals: [[0, 3]]
05/11/2017 10:10:23 Non match intervals: [[15, 15], [24, 24]]
05/11/2017 10:10:23 Non match intervals: [[0, 6], [15, 18], [27, 31]]
05/11/2017 10:10:23 Non match intervals: [[0, 0], [6, 6]]
05/11/2017 10:10:23 Non match intervals: []
05/11/2017 10:10:23 Non match intervals: [[0, 9], [18, 18], [30, 39]]
05/11/2017 10:10:23 Non match intervals: [[6, 9]]
05/11/2017 10:10:23 Non match intervals: [[0, 0], [9, 9]]
05/11/2017 10:10:23 Non match intervals: []
05/11/2017 10:10:23 Non match intervals: [[0, 0], [9, 9]]
05/11/2017 10:10:23 Non match intervals: []
05/11/2017 10:10:23 Non match intervals: []
05/11/2017 10:10:23 Non match intervals: [[0, 3], [36, 39]]
05/11/2017 10:10:23 Non match intervals: [[6, 12], [36, 39]]
05/11/2017 10:10:24 Non match intervals: [[6, 6]]
05/11/2017 10:10:24 Non match intervals: []
05/11/2017 10:10:24 Non match intervals: [[0, 3], [10, 18], [27, 27], [39, 39]]
05/11/2017 10:10:24 Non match intervals: [[0, 2]]
05/11/2017 10:10:24 Non match intervals: [[0, 0]]
05/11/2017 10:10:24 Non match intervals: [[7, 8]]
05/11/2017 10:10:24 Non match intervals: []
05/11/2017 10:10:24 Non match intervals: [[9, 10], [31, 31]]
05/11/2017 10:10:24 Non match intervals: []
05/11/2017 10:10:24 Non match intervals: [[0, 12], [36, 36], [46, 72]]
05/11/2017 10:10:24 Non match intervals: [[0, 0]]
05/11/2017 10:10:24 Non match intervals: [[0, 5], [12, 12]]
05/11/2017 10:10:24 Non match intervals: []
05/11/2017 10:10:24 Non match intervals: []
05/11/2017 10:10:24 Non match intervals: [[22, 26]]
05/11/2017 10:10:24 Non match intervals: [[0, 0], [21, 26]]
05/11/2017 10:10:24 Non match intervals: []
05/11/2017 10:10:24 Non match intervals: []
05/11/2017 10:10:24 Non match intervals: [[0, 0], [32, 36], [55, 55], [67, 72]]
05/11/2017 10:10:24 Non match intervals: [[0, 0], [7, 7], [36, 39], [48, 48], [54, 72]]
05/11/2017 10:10:24 Non match intervals: [[0, 0], [13, 18]]
05/11/2017 10:10:24 Non match intervals: []
05/11/2017 10:10:24 Non match intervals: [[6, 6]]
05/11/2017 10:10:24 Non match intervals: []
05/11/2017 10:10:24 Non match intervals: []
05/11/2017 10:10:24 Non match intervals: []
05/11/2017 10:10:24 Non match intervals: [[0, 0], [6, 6], [15, 15], [68, 72]]
05/11/2017 10:10:24 Non match intervals: []
05/11/2017 10:10:24 Non match intervals: [[0, 0], [12, 12], [39, 47], [72, 72]]
05/11/2017 10:10:24 Non match intervals: [[8, 8]]
05/11/2017 10:10:24 Non match intervals: []
05/11/2017 10:10:24 Non match intervals: []
05/11/2017 10:10:24 Non match intervals: []
05/11/2017 10:10:24 Non match intervals: []
05/11/2017 10:10:24 Non match intervals: [[0, 1], [10, 11]]
05/11/2017 10:10:25 Non match intervals: []
05/11/2017 10:10:25 Non match intervals: [[0, 2], [17, 17], [36, 38]]
05/11/2017 10:10:25 Non match intervals: [[0, 14]]
05/11/2017 10:10:25 Non match intervals: [[0, 1], [14, 14]]
05/11/2017 10:10:25 Non match intervals: []
05/11/2017 10:10:25 Non match intervals: []
05/11/2017 10:10:25 Non match intervals: [[0, 8]]
05/11/2017 10:10:25 Non match intervals: [[8, 8]]
05/11/2017 10:10:25 Non match intervals: []
05/11/2017 10:10:25 Non match intervals: [[14, 14], [20, 23], [35, 38]]
05/11/2017 10:10:25 Non match intervals: [[29, 29], [36, 38]]
05/11/2017 10:10:25 Non match intervals: [[23, 23], [36, 38]]
05/11/2017 10:10:25 Non match intervals: [[0, 0], [18, 18], [24, 33]]
05/11/2017 10:10:25 Non match intervals: []
05/11/2017 10:10:25 Non match intervals: []
05/11/2017 10:10:25 Non match intervals: [[0, 5], [12, 12]]
05/11/2017 10:10:25 Non match intervals: [[0, 0], [9, 12], [33, 33]]
05/11/2017 10:10:25 Non match intervals: [[24, 33]]
05/11/2017 10:10:25 Non match intervals: []
05/11/2017 10:10:25 Non match intervals: []
05/11/2017 10:10:25 Non match intervals: [[0, 3], [24, 24]]
05/11/2017 10:10:25 Non match intervals: [[0, 3], [9, 9], [18, 18], [24, 24]]
05/11/2017 10:10:25 Non match intervals: [[0, 3], [21, 24]]
05/11/2017 10:10:25 Non match intervals: [[0, 0], [12, 16]]
05/11/2017 10:10:25 Non match intervals: [[0, 3], [12, 12]]
05/11/2017 10:10:25 Non match intervals: [[0, 0], [15, 18]]
05/11/2017 10:10:25 Non match intervals: [[0, 9], [15, 18]]
05/11/2017 10:10:25 Non match intervals: []
05/11/2017 10:10:25 Non match intervals: [[0, 0], [9, 9]]
05/11/2017 10:10:25 Non match intervals: [[15, 18]]
05/11/2017 10:10:25 Non match intervals: [[12, 18]]
05/11/2017 10:10:25 Non match intervals: []
05/11/2017 10:10:25 Non match intervals: []
05/11/2017 10:10:25 Non match intervals: []
05/11/2017 10:10:25 Non match intervals: []
05/11/2017 10:10:25 Non match intervals: [[0, 6], [18, 18]]
05/11/2017 10:10:25 Non match intervals: []
05/11/2017 10:10:25 Non match intervals: []
05/11/2017 10:10:25 Non match intervals: []
05/11/2017 10:10:25 Non match intervals: [[0, 0], [12, 18]]
05/11/2017 10:10:25 Non match intervals: []
05/11/2017 10:10:25 Non match intervals: []
05/11/2017 10:10:25 Non match intervals: []
05/11/2017 10:10:25 Non match intervals: [[0, 6]]
05/11/2017 10:10:25 Non match intervals: []
05/11/2017 10:10:25 Non match intervals: []
05/11/2017 10:10:25 Non match intervals: [[0, 0], [24, 25]]
05/11/2017 10:10:25 Non match intervals: [[0, 0], [24, 25], [49, 51]]
05/11/2017 10:10:25 Non match intervals: [[0, 3], [24, 25], [34, 35], [51, 51]]
05/11/2017 10:10:25 Non match intervals: [[24, 33], [42, 42]]
05/11/2017 10:10:25 Non match intervals: []
05/11/2017 10:10:25 Non match intervals: []
05/11/2017 10:10:25 Non match intervals: [[0, 0], [19, 24], [33, 33], [42, 42]]
05/11/2017 10:10:25 Non match intervals: [[0, 0], [25, 25], [34, 34]]
05/11/2017 10:10:25 Non match intervals: [[15, 18]]
05/11/2017 10:10:25 Non match intervals: [[0, 6], [15, 18]]
05/11/2017 10:10:25 Non match intervals: []
05/11/2017 10:10:25 Non match intervals: []
05/11/2017 10:10:25 Non match intervals: []
05/11/2017 10:10:25 Non match intervals: [[0, 6]]
05/11/2017 10:10:25 Non match intervals: []
05/11/2017 10:10:25 Non match intervals: []
05/11/2017 10:10:25 Non match intervals: [[0, 6], [18, 18]]
05/11/2017 10:10:25 Non match intervals: []
05/11/2017 10:10:25 Non match intervals: []
05/11/2017 10:10:26 Non match intervals: []
05/11/2017 10:10:26 Non match intervals: [[12, 15], [39, 39]]
05/11/2017 10:10:26 Non match intervals: [[0, 3], [9, 12], [34, 51], [57, 57]]
05/11/2017 10:10:26 Non match intervals: [[0, 5]]
05/11/2017 10:10:26 Non match intervals: [[14, 17]]
05/11/2017 10:10:26 Non match intervals: []
05/11/2017 10:10:26 Non match intervals: [[8, 8]]
05/11/2017 10:10:26 Non match intervals: [[0, 0], [16, 42], [48, 48], [60, 63]]
05/11/2017 10:10:26 Non match intervals: [[0, 26]]
05/11/2017 10:10:26 Non match intervals: []
05/11/2017 10:10:26 Non match intervals: []
05/11/2017 10:10:26 Non match intervals: [[0, 0], [26, 26]]
05/11/2017 10:10:26 Non match intervals: [[7, 7], [15, 42], [48, 48]]
05/11/2017 10:10:26 Non match intervals: []
05/11/2017 10:10:26 Non match intervals: [[0, 1]]
05/11/2017 10:10:26 Non match intervals: [[9, 39], [48, 48], [57, 57], [63, 63]]
05/11/2017 10:10:26 Non match intervals: [[0, 3], [27, 30]]
05/11/2017 10:10:26 Non match intervals: [[6, 6], [29, 30]]
05/11/2017 10:10:26 Non match intervals: []
05/11/2017 10:10:26 Non match intervals: []
05/11/2017 10:10:26 Non match intervals: [[16, 16], [45, 45]]
05/11/2017 10:10:26 Non match intervals: [[0, 3], [12, 13]]
05/11/2017 10:10:26 Non match intervals: [[12, 16], [37, 38], [54, 54]]
05/11/2017 10:10:26 Non match intervals: [[48, 51], [60, 63]]
05/11/2017 10:10:27 Non match intervals: [[18, 18], [30, 36], [45, 45], [54, 54], [60, 60]]
05/11/2017 10:10:27 Non match intervals: [[0, 6]]
05/11/2017 10:10:27 Non match intervals: []
05/11/2017 10:10:27 Non match intervals: []
05/11/2017 10:10:27 Non match intervals: [[6, 6]]
05/11/2017 10:10:27 Non match intervals: [[8, 21], [45, 45], [54, 54], [60, 60]]
05/11/2017 10:10:27 Non match intervals: [[0, 4]]
05/11/2017 10:10:27 Non match intervals: []
05/11/2017 10:10:27 Non match intervals: [[0, 0], [12, 12], [30, 42], [51, 51]]
05/11/2017 10:10:27 Non match intervals: [[0, 3], [12, 12]]
05/11/2017 10:10:27 Non match intervals: []
05/11/2017 10:10:27 Non match intervals: []
05/11/2017 10:10:27 Non match intervals: []
05/11/2017 10:10:27 Non match intervals: []
05/11/2017 10:10:27 Non match intervals: [[0, 17], [31, 31], [54, 54]]
05/11/2017 10:10:27 Non match intervals: [[0, 8]]
05/11/2017 10:10:27 Non match intervals: []
05/11/2017 10:10:27 Non match intervals: []
05/11/2017 10:10:27 Non match intervals: [[17, 17]]
05/11/2017 10:10:27 Non match intervals: []
05/11/2017 10:10:27 Non match intervals: [[18, 20], [31, 33], [57, 60]]
05/11/2017 10:10:27 Non match intervals: []
05/11/2017 10:10:27 Non match intervals: []
05/11/2017 10:10:27 Non match intervals: []
05/11/2017 10:10:27 Non match intervals: []
05/11/2017 10:10:29 Non match intervals: [[10, 10], [21, 21], [40, 40], [54, 54], [61, 65], [75, 75], [99, 100]]
05/11/2017 10:10:29 Non match intervals: [[6, 9], [18, 18], [39, 43], [54, 63], [75, 78], [90, 90]]
05/11/2017 10:10:29 Non match intervals: []
05/11/2017 10:10:29 Non match intervals: [[8, 9]]
05/11/2017 10:10:29 Non match intervals: [[0, 0], [7, 9]]
05/11/2017 10:10:29 Non match intervals: []
05/11/2017 10:10:29 Non match intervals: [[9, 9], [18, 23], [38, 42], [48, 48], [61, 66], [75, 79]]
05/11/2017 10:10:29 Non match intervals: []
05/11/2017 10:10:29 Non match intervals: [[0, 0], [75, 78], [90, 90]]
05/11/2017 10:10:29 Non match intervals: [[9, 9], [15, 15], [21, 21], [48, 63], [69, 69], [75, 78], [93, 100]]
05/11/2017 10:10:29 Non match intervals: [[13, 15]]
05/11/2017 10:10:29 Non match intervals: []
05/11/2017 10:10:29 Non match intervals: []
05/11/2017 10:10:29 Non match intervals: [[0, 0], [6, 7]]
05/11/2017 10:10:29 Non match intervals: []
05/11/2017 10:10:29 Non match intervals: [[9, 9], [22, 22], [32, 32], [54, 54], [62, 62], [75, 79]]
05/11/2017 10:10:29 Non match intervals: []
05/11/2017 10:10:29 Non match intervals: [[0, 0], [18, 32], [48, 54], [62, 62], [99, 100]]
05/11/2017 10:10:29 Non match intervals: [[0, 0]]
05/11/2017 10:10:29 Non match intervals: []
05/11/2017 10:10:29 Non match intervals: [[0, 4]]
05/11/2017 10:10:29 Non match intervals: []
05/11/2017 10:10:29 Non match intervals: []
05/11/2017 10:10:29 Non match intervals: []
05/11/2017 10:10:29 Non match intervals: []
05/11/2017 10:10:29 Non match intervals: []
05/11/2017 10:10:29 Non match intervals: []
05/11/2017 10:10:29 Non match intervals: [[22, 23], [62, 62], [74, 75], [93, 93]]
05/11/2017 10:10:29 Non match intervals: []
05/11/2017 10:10:29 Non match intervals: []
05/11/2017 10:10:30 Non match intervals: []
05/11/2017 10:10:30 Non match intervals: []
05/11/2017 10:10:30 Non match intervals: [[0, 1], [18, 21], [27, 36], [43, 49], [57, 57], [72, 81]]
05/11/2017 10:10:30 Non match intervals: [[0, 0], [9, 9]]
05/11/2017 10:10:30 Non match intervals: []
05/11/2017 10:10:30 Non match intervals: [[0, 0]]
05/11/2017 10:10:30 Non match intervals: []
05/11/2017 10:10:30 Non match intervals: []
05/11/2017 10:10:30 Non match intervals: [[0, 1], [8, 9]]
05/11/2017 10:10:30 Non match intervals: []
05/11/2017 10:10:30 Non match intervals: []
05/11/2017 10:10:30 Non match intervals: [[0, 12], [22, 24], [32, 36], [43, 44], [54, 57], [69, 69], [78, 81]]
05/11/2017 10:10:30 Non match intervals: [[0, 3], [12, 12]]
05/11/2017 10:10:30 Non match intervals: []
05/11/2017 10:10:30 Non match intervals: [[0, 3], [12, 12], [23, 24], [32, 36], [43, 43], [54, 54], [63, 63], [73, 81]]
05/11/2017 10:10:30 Non match intervals: []
05/11/2017 10:10:30 Non match intervals: [[0, 0], [7, 8]]
05/11/2017 10:10:30 Non match intervals: [[12, 12], [21, 21], [44, 44], [63, 63], [81, 81]]
05/11/2017 10:10:30 Non match intervals: [[0, 3], [18, 22], [28, 28], [36, 36], [43, 43], [69, 69], [75, 75]]
05/11/2017 10:10:30 Non match intervals: [[0, 0], [27, 28], [36, 36], [42, 42], [49, 54], [67, 68], [81, 81]]
05/11/2017 10:10:30 Non match intervals: [[39, 43], [49, 54], [81, 81]]
05/11/2017 10:10:30 Non match intervals: []
05/11/2017 10:10:30 Non match intervals: []
05/11/2017 10:10:30 Non match intervals: [[33, 33], [42, 42], [48, 49], [81, 81]]
05/11/2017 10:10:30 Non match intervals: [[31, 31], [45, 49], [66, 66], [81, 81]]
05/11/2017 10:10:30 Non match intervals: [[0, 1]]
05/11/2017 10:10:30 Non match intervals: [[0, 1], [15, 15]]
05/11/2017 10:10:30 Non match intervals: [[0, 6]]
05/11/2017 10:10:30 Non match intervals: [[6, 6]]
05/11/2017 10:10:30 Non match intervals: []
05/11/2017 10:10:30 Non match intervals: [[0, 3]]
05/11/2017 10:10:30 Non match intervals: [[9, 9]]
05/11/2017 10:10:30 Non match intervals: [[9, 9]]
05/11/2017 10:10:30 Non match intervals: []
05/11/2017 10:10:30 Non match intervals: [[0, 0], [6, 6]]
05/11/2017 10:10:30 Non match intervals: []
05/11/2017 10:10:30 Non match intervals: []
05/11/2017 10:10:31 Non match intervals: [[0, 3], [13, 14], [24, 30], [36, 36]]
05/11/2017 10:10:31 Non match intervals: []
05/11/2017 10:10:31 Non match intervals: []
05/11/2017 10:10:31 Non match intervals: []
05/11/2017 10:10:31 Non match intervals: [[22, 36]]
05/11/2017 10:10:31 Non match intervals: []
05/11/2017 10:10:31 Non match intervals: [[0, 8]]
05/11/2017 10:10:31 Non match intervals: [[8, 8]]
05/11/2017 10:10:31 Non match intervals: []
05/11/2017 10:10:31 Non match intervals: []
05/11/2017 10:10:31 Non match intervals: [[16, 18], [33, 36]]
05/11/2017 10:10:31 Non match intervals: [[24, 24], [33, 36]]
05/11/2017 10:10:31 Non match intervals: [[6, 6], [13, 18], [33, 36]]
05/11/2017 10:10:31 Non match intervals: [[0, 0], [9, 15], [22, 24], [35, 36]]
05/11/2017 10:10:31 Non match intervals: [[5, 6]]
05/11/2017 10:10:31 Non match intervals: []
05/11/2017 10:10:31 Non match intervals: [[0, 6]]
05/11/2017 10:10:31 Non match intervals: []
05/11/2017 10:10:31 Non match intervals: [[5, 6]]
05/11/2017 10:10:31 Non match intervals: [[6, 6], [13, 13], [24, 36]]
05/11/2017 10:10:31 Non match intervals: []
05/11/2017 10:10:31 Non match intervals: [[0, 5]]
05/11/2017 10:10:31 Non match intervals: []
05/11/2017 10:10:31 Non match intervals: []
05/11/2017 10:10:31 Non match intervals: []
05/11/2017 10:10:31 Non match intervals: []
05/11/2017 10:10:31 Non match intervals: [[0, 0], [6, 6], [21, 30]]
05/11/2017 10:10:31 Non match intervals: []
05/11/2017 10:10:31 Non match intervals: [[0, 0]]
05/11/2017 10:10:31 Non match intervals: [[0, 0], [13, 13], [21, 30]]
05/11/2017 10:10:31 Non match intervals: [[0, 0], [7, 9]]
05/11/2017 10:10:31 Non match intervals: []
05/11/2017 10:10:31 Non match intervals: [[0, 0]]
05/11/2017 10:10:31 Non match intervals: [[9, 9]]
05/11/2017 10:10:31 Non match intervals: [[13, 13]]
05/11/2017 10:10:31 Non match intervals: [[0, 1], [21, 21]]
05/11/2017 10:10:32 Non match intervals: []
05/11/2017 10:10:32 Non match intervals: [[24, 24], [36, 39], [48, 48], [55, 55]]
05/11/2017 10:10:32 Non match intervals: [[0, 0], [6, 6], [23, 34], [42, 48], [55, 55], [63, 66]]
05/11/2017 10:10:32 Non match intervals: []
05/11/2017 10:10:32 Non match intervals: [[0, 2], [10, 11]]
05/11/2017 10:10:32 Non match intervals: [[7, 11]]
05/11/2017 10:10:32 Non match intervals: [[0, 0], [6, 6]]
05/11/2017 10:10:32 Non match intervals: []
05/11/2017 10:10:32 Non match intervals: [[29, 31], [41, 41], [48, 51], [60, 66]]
05/11/2017 10:10:32 Non match intervals: []
05/11/2017 10:10:32 Non match intervals: [[0, 0]]
05/11/2017 10:10:32 Non match intervals: [[6, 9], [19, 21], [33, 33], [41, 45], [60, 66]]
05/11/2017 10:10:32 Non match intervals: []
05/11/2017 10:10:32 Non match intervals: []
05/11/2017 10:10:32 Non match intervals: [[0, 3], [22, 41]]
05/11/2017 10:10:32 Non match intervals: [[0, 0], [7, 7], [19, 19]]
05/11/2017 10:10:32 Non match intervals: []
05/11/2017 10:10:32 Non match intervals: [[0, 2], [12, 12]]
05/11/2017 10:10:32 Non match intervals: [[21, 21], [41, 41], [59, 59]]
05/11/2017 10:10:32 Non match intervals: [[21, 29]]
05/11/2017 10:10:32 Non match intervals: []
05/11/2017 10:10:32 Non match intervals: []
05/11/2017 10:10:32 Non match intervals: [[0, 0], [18, 21], [29, 33], [39, 48]]
05/11/2017 10:10:32 Non match intervals: [[0, 3]]
05/11/2017 10:10:32 Non match intervals: []
05/11/2017 10:10:32 Non match intervals: []
05/11/2017 10:10:32 Non match intervals: [[0, 3], [18, 21], [36, 51]]
05/11/2017 10:10:32 Non match intervals: [[0, 0], [9, 9]]
05/11/2017 10:10:32 Non match intervals: [[9, 9], [15, 15]]
05/11/2017 10:10:32 Non match intervals: [[0, 5]]
05/11/2017 10:10:32 Non match intervals: [[0, 3], [23, 30], [41, 41], [66, 66]]
05/11/2017 10:10:32 Non match intervals: [[0, 0]]
05/11/2017 10:10:32 Non match intervals: []
05/11/2017 10:10:32 Non match intervals: [[24, 24], [30, 34], [41, 41]]
05/11/2017 10:10:32 Non match intervals: []
05/11/2017 10:10:33 Non match intervals: []
05/11/2017 10:10:33 Non match intervals: [[0, 21], [27, 27], [33, 36]]
05/11/2017 10:10:33 Non match intervals: [[0, 4], [21, 21]]
05/11/2017 10:10:33 Non match intervals: [[0, 1]]
05/11/2017 10:10:33 Non match intervals: [[0, 1], [15, 16]]
05/11/2017 10:10:33 Non match intervals: [[9, 10]]
05/11/2017 10:10:33 Non match intervals: [[0, 1], [10, 10], [20, 20]]
05/11/2017 10:10:33 Non match intervals: [[0, 1], [7, 7], [28, 36]]
05/11/2017 10:10:33 Non match intervals: [[0, 0], [8, 8]]
05/11/2017 10:10:33 Non match intervals: []
05/11/2017 10:10:33 Non match intervals: []
05/11/2017 10:10:33 Non match intervals: []
05/11/2017 10:10:33 Non match intervals: []
05/11/2017 10:10:33 Non match intervals: [[0, 9], [16, 16], [36, 36]]
05/11/2017 10:10:33 Non match intervals: []
05/11/2017 10:10:33 Non match intervals: [[7, 9]]
05/11/2017 10:10:33 Non match intervals: []
05/11/2017 10:10:33 Non match intervals: [[0, 3], [22, 30]]
05/11/2017 10:10:33 Non match intervals: []
05/11/2017 10:10:33 Non match intervals: [[0, 2]]
05/11/2017 10:10:33 Non match intervals: [[0, 21], [27, 30]]
05/11/2017 10:10:33 Non match intervals: [[0, 0], [6, 6], [15, 15], [21, 21]]
05/11/2017 10:10:33 Non match intervals: [[0, 0]]
05/11/2017 10:10:33 Non match intervals: []
05/11/2017 10:10:33 Non match intervals: [[0, 12], [27, 30]]
05/11/2017 10:10:33 Non match intervals: [[12, 12]]
05/11/2017 10:10:33 Non match intervals: []
05/11/2017 10:10:33 Non match intervals: [[0, 3], [12, 12]]
05/11/2017 10:10:33 Non match intervals: [[0, 0], [27, 30]]
05/11/2017 10:10:33 Non match intervals: [[0, 0], [12, 12], [24, 24]]
05/11/2017 10:10:33 Non match intervals: [[15, 22]]
05/11/2017 10:10:33 Non match intervals: [[0, 0], [7, 7]]
05/11/2017 10:10:33 Non match intervals: []
05/11/2017 10:10:33 Non match intervals: []
05/11/2017 10:10:33 Non match intervals: [[0, 0], [6, 6]]
05/11/2017 10:10:33 Non match intervals: [[0, 0], [6, 6]]
05/11/2017 10:10:33 Non match intervals: [[6, 6]]
05/11/2017 10:10:33 Non match intervals: [[0, 6]]
05/11/2017 10:10:33 Non match intervals: [[6, 6]]
05/11/2017 10:10:33 Non match intervals: []
05/11/2017 10:10:33 Non match intervals: [[0, 6]]
05/11/2017 10:10:33 Non match intervals: [[0, 0], [6, 6]]
05/11/2017 10:10:33 Non match intervals: []
05/11/2017 10:10:33 Non match intervals: [[0, 6]]
05/11/2017 10:10:33 Non match intervals: []
05/11/2017 10:10:33 Non match intervals: []
05/11/2017 10:10:33 Non match intervals: []
05/11/2017 10:10:33 Non match intervals: [[0, 0]]
05/11/2017 10:10:34 Non match intervals: [[21, 21], [27, 36]]
05/11/2017 10:10:34 Non match intervals: []
05/11/2017 10:10:34 Non match intervals: [[0, 0]]
05/11/2017 10:10:34 Non match intervals: [[0, 0], [12, 12], [29, 36]]
05/11/2017 10:10:34 Non match intervals: [[0, 1]]
05/11/2017 10:10:34 Non match intervals: []
05/11/2017 10:10:34 Non match intervals: []
05/11/2017 10:10:34 Non match intervals: [[0, 6], [13, 13], [26, 36]]
05/11/2017 10:10:34 Non match intervals: [[0, 0], [6, 6]]
05/11/2017 10:10:34 Non match intervals: []
05/11/2017 10:10:34 Non match intervals: []
05/11/2017 10:10:34 Non match intervals: [[0, 4]]
05/11/2017 10:10:34 Non match intervals: [[0, 4]]
05/11/2017 10:10:34 Non match intervals: [[0, 3]]
05/11/2017 10:10:34 Non match intervals: [[0, 0]]
05/11/2017 10:10:34 Non match intervals: [[0, 0]]
05/11/2017 10:10:34 Non match intervals: [[0, 5]]
05/11/2017 10:10:34 Non match intervals: []
05/11/2017 10:10:34 Non match intervals: []
05/11/2017 10:10:34 Non match intervals: [[0, 0], [30, 39]]
05/11/2017 10:10:34 Non match intervals: [[0, 0], [6, 9]]
05/11/2017 10:10:34 Non match intervals: [[0, 0], [8, 9]]
05/11/2017 10:10:34 Non match intervals: []
05/11/2017 10:10:34 Non match intervals: [[0, 0], [7, 23], [33, 39]]
05/11/2017 10:10:34 Non match intervals: [[0, 0], [12, 16]]
05/11/2017 10:10:34 Non match intervals: []
05/11/2017 10:10:34 Non match intervals: [[0, 0], [6, 6]]
05/11/2017 10:10:34 Non match intervals: []
05/11/2017 10:10:34 Non match intervals: [[0, 3], [9, 9], [15, 15], [36, 39]]
05/11/2017 10:10:34 Non match intervals: [[20, 20]]
05/11/2017 10:10:34 Non match intervals: [[15, 18], [39, 39]]
05/11/2017 10:10:34 Non match intervals: [[15, 15]]
05/11/2017 10:10:36 Non match intervals: []
05/11/2017 10:10:36 Non match intervals: []
05/11/2017 10:10:36 Non match intervals: [[0, 3], [15, 27], [63, 69], [75, 76]]
05/11/2017 10:10:36 Non match intervals: [[0, 0], [12, 12]]
05/11/2017 10:10:36 Non match intervals: [[0, 0]]
05/11/2017 10:10:36 Non match intervals: [[0, 0], [6, 6]]
05/11/2017 10:10:36 Non match intervals: []
05/11/2017 10:10:36 Non match intervals: []
05/11/2017 10:10:36 Non match intervals: []
05/11/2017 10:10:36 Non match intervals: [[11, 19], [27, 27], [44, 45], [56, 56], [72, 78]]
05/11/2017 10:10:36 Non match intervals: []
05/11/2017 10:10:36 Non match intervals: []
05/11/2017 10:10:36 Non match intervals: []
05/11/2017 10:10:36 Non match intervals: [[0, 1]]
05/11/2017 10:10:36 Non match intervals: [[0, 0], [30, 30], [60, 60], [69, 78]]
05/11/2017 10:10:36 Non match intervals: []
05/11/2017 10:10:36 Non match intervals: [[5, 9]]
05/11/2017 10:10:36 Non match intervals: [[0, 0], [7, 7], [13, 30], [36, 36], [45, 57], [63, 84]]
05/11/2017 10:10:36 Non match intervals: [[0, 2]]
05/11/2017 10:10:36 Non match intervals: [[0, 7], [17, 17]]
05/11/2017 10:10:36 Non match intervals: []
05/11/2017 10:10:36 Non match intervals: []
05/11/2017 10:10:36 Non match intervals: []
05/11/2017 10:10:36 Non match intervals: []
05/11/2017 10:10:36 Non match intervals: [[0, 3], [12, 12]]
05/11/2017 10:10:36 Non match intervals: []
05/11/2017 10:10:36 Non match intervals: []
05/11/2017 10:10:36 Non match intervals: [[7, 11], [21, 21]]
05/11/2017 10:10:36 Non match intervals: []
05/11/2017 10:10:36 Non match intervals: []
05/11/2017 10:10:36 Non match intervals: [[0, 5], [13, 14]]
05/11/2017 10:10:36 Non match intervals: []
05/11/2017 10:10:36 Non match intervals: [[15, 15], [70, 76]]
05/11/2017 10:10:36 Non match intervals: [[0, 6]]
05/11/2017 10:10:36 Non match intervals: []
05/11/2017 10:10:36 Non match intervals: []
05/11/2017 10:10:36 Non match intervals: []
05/11/2017 10:10:36 Non match intervals: [[0, 0], [11, 20], [33, 33], [51, 60], [69, 74], [90, 93]]
05/11/2017 10:10:36 Non match intervals: [[8, 9]]
05/11/2017 10:10:36 Non match intervals: [[9, 9]]
05/11/2017 10:10:36 Non match intervals: [[6, 9]]
05/11/2017 10:10:36 Non match intervals: []
05/11/2017 10:10:36 Non match intervals: [[0, 0]]
05/11/2017 10:10:36 Non match intervals: []
05/11/2017 10:10:36 Non match intervals: [[0, 0], [11, 15], [25, 25], [44, 44], [52, 60], [69, 69], [76, 77]]
05/11/2017 10:10:36 Non match intervals: [[0, 0], [8, 8]]
05/11/2017 10:10:36 Non match intervals: []
05/11/2017 10:10:36 Non match intervals: [[30, 30], [70, 71]]
05/11/2017 10:10:36 Non match intervals: []
05/11/2017 10:10:36 Non match intervals: []
05/11/2017 10:10:36 Non match intervals: [[0, 7], [31, 40]]
05/11/2017 10:10:36 Non match intervals: []
05/11/2017 10:10:36 Non match intervals: []
05/11/2017 10:10:36 Non match intervals: []
05/11/2017 10:10:36 Non match intervals: []
05/11/2017 10:10:36 Non match intervals: [[0, 13], [19, 25], [31, 31], [37, 40]]
05/11/2017 10:10:37 Non match intervals: [[0, 5], [13, 13]]
05/11/2017 10:10:37 Non match intervals: []
05/11/2017 10:10:37 Non match intervals: []
05/11/2017 10:10:37 Non match intervals: [[0, 0], [6, 6]]
05/11/2017 10:10:37 Non match intervals: []
05/11/2017 10:10:37 Non match intervals: [[13, 16], [33, 33]]
05/11/2017 10:10:37 Non match intervals: [[0, 5], [16, 18], [37, 40]]
05/11/2017 10:10:37 Non match intervals: []
05/11/2017 10:10:37 Non match intervals: [[19, 20], [34, 40]]
05/11/2017 10:10:37 Non match intervals: [[0, 0]]
05/11/2017 10:10:37 Non match intervals: []
05/11/2017 10:10:37 Non match intervals: [[0, 13], [20, 20], [40, 40]]
05/11/2017 10:10:37 Non match intervals: [[0, 5], [13, 13]]
05/11/2017 10:10:37 Non match intervals: []
05/11/2017 10:10:37 Non match intervals: []
05/11/2017 10:10:37 Non match intervals: []
05/11/2017 10:10:37 Non match intervals: [[0, 0], [15, 18]]
05/11/2017 10:10:37 Non match intervals: []
05/11/2017 10:10:37 Non match intervals: [[0, 10], [18, 18]]
05/11/2017 10:10:37 Non match intervals: [[0, 1], [10, 10]]
05/11/2017 10:10:37 Non match intervals: []
05/11/2017 10:10:37 Non match intervals: [[0, 3]]
05/11/2017 10:10:37 Non match intervals: [[0, 1], [15, 18]]
05/11/2017 10:10:37 Non match intervals: [[0, 7]]
05/11/2017 10:10:37 Non match intervals: [[7, 7]]
05/11/2017 10:10:37 Non match intervals: []
05/11/2017 10:10:37 Non match intervals: [[0, 0]]
05/11/2017 10:10:37 Non match intervals: [[0, 0], [18, 18]]
05/11/2017 10:10:37 Non match intervals: []
05/11/2017 10:10:37 Non match intervals: [[0, 0], [8, 9], [15, 18]]
05/11/2017 10:10:37 Non match intervals: [[0, 0]]
05/11/2017 10:10:37 Non match intervals: []
05/11/2017 10:10:37 Non match intervals: [[0, 6], [12, 15], [30, 33]]
05/11/2017 10:10:37 Non match intervals: [[0, 0], [6, 6]]
05/11/2017 10:10:37 Non match intervals: []
05/11/2017 10:10:37 Non match intervals: []
05/11/2017 10:10:37 Non match intervals: [[0, 0], [21, 22], [33, 33]]
05/11/2017 10:10:37 Non match intervals: [[0, 0]]
05/11/2017 10:10:37 Non match intervals: [[33, 33]]
05/11/2017 10:10:37 Non match intervals: [[0, 0], [31, 33]]
05/11/2017 10:10:37 Non match intervals: [[0, 7], [18, 18], [36, 42]]
05/11/2017 10:10:37 Non match intervals: [[0, 7]]
05/11/2017 10:10:37 Non match intervals: []
05/11/2017 10:10:37 Non match intervals: []
05/11/2017 10:10:37 Non match intervals: []
05/11/2017 10:10:37 Non match intervals: []
05/11/2017 10:10:37 Non match intervals: []
05/11/2017 10:10:37 Non match intervals: [[0, 0]]
05/11/2017 10:10:37 Non match intervals: [[25, 27]]
05/11/2017 10:10:37 Non match intervals: [[0, 0], [14, 14], [27, 32]]
05/11/2017 10:10:37 Non match intervals: [[0, 12], [21, 32], [42, 42]]
05/11/2017 10:10:37 Non match intervals: [[0, 0], [12, 12]]
05/11/2017 10:10:37 Non match intervals: []
05/11/2017 10:10:37 Non match intervals: []
05/11/2017 10:10:37 Non match intervals: [[0, 4]]
05/11/2017 10:10:37 Non match intervals: []
05/11/2017 10:10:38 Non match intervals: [[0, 3], [21, 26], [42, 42]]
05/11/2017 10:10:38 Non match intervals: [[0, 0], [9, 9], [26, 26], [36, 36]]
05/11/2017 10:10:38 Non match intervals: [[25, 30], [39, 42]]
05/11/2017 10:10:38 Non match intervals: [[0, 3], [21, 21], [39, 42]]
05/11/2017 10:10:38 Non match intervals: []
05/11/2017 10:10:38 Non match intervals: [[0, 15], [21, 33]]
05/11/2017 10:10:38 Non match intervals: [[9, 15]]
05/11/2017 10:10:38 Non match intervals: []
05/11/2017 10:10:38 Non match intervals: []
05/11/2017 10:10:38 Non match intervals: []
05/11/2017 10:10:38 Non match intervals: []
05/11/2017 10:10:38 Non match intervals: [[0, 6]]
05/11/2017 10:10:38 Non match intervals: []
05/11/2017 10:10:38 Non match intervals: []
05/11/2017 10:10:38 Non match intervals: [[0, 3]]
05/11/2017 10:10:38 Non match intervals: []
05/11/2017 10:10:38 Non match intervals: [[0, 0], [9, 12]]
05/11/2017 10:10:38 Non match intervals: [[25, 33]]
05/11/2017 10:10:38 Non match intervals: [[0, 0]]
05/11/2017 10:10:38 Non match intervals: [[0, 0]]
05/11/2017 10:10:38 Non match intervals: [[0, 0], [24, 27]]
05/11/2017 10:10:38 Non match intervals: [[0, 6], [24, 33]]
05/11/2017 10:10:38 Non match intervals: []
05/11/2017 10:10:38 Non match intervals: []
05/11/2017 10:10:38 Non match intervals: [[0, 1], [8, 9]]
05/11/2017 10:10:38 Non match intervals: []
05/11/2017 10:10:38 Non match intervals: []
05/11/2017 10:10:38 Non match intervals: [[15, 21], [30, 33]]
05/11/2017 10:10:38 Non match intervals: []
05/11/2017 10:10:38 Non match intervals: []
05/11/2017 10:10:38 Non match intervals: [[0, 0], [20, 20], [27, 33]]
05/11/2017 10:10:38 Non match intervals: [[0, 0]]
05/11/2017 10:10:38 Non match intervals: [[5, 6]]
05/11/2017 10:10:38 Non match intervals: [[9, 9], [25, 33]]
05/11/2017 10:10:38 Non match intervals: []
05/11/2017 10:10:38 Non match intervals: [[0, 0], [8, 8]]
05/11/2017 10:10:38 Non match intervals: [[0, 0], [6, 10], [31, 34], [45, 48]]
05/11/2017 10:10:38 Non match intervals: [[0, 0], [14, 18], [33, 42]]
05/11/2017 10:10:38 Non match intervals: [[0, 1], [9, 9]]
05/11/2017 10:10:38 Non match intervals: []
05/11/2017 10:10:38 Non match intervals: []
05/11/2017 10:10:38 Non match intervals: [[0, 0], [26, 31], [37, 48]]
05/11/2017 10:10:38 Non match intervals: [[0, 2]]
05/11/2017 10:10:38 Non match intervals: []
05/11/2017 10:10:38 Non match intervals: []
05/11/2017 10:10:38 Non match intervals: []
05/11/2017 10:10:38 Non match intervals: [[9, 15], [30, 31]]
05/11/2017 10:10:38 Non match intervals: []
05/11/2017 10:10:38 Non match intervals: [[0, 0]]
05/11/2017 10:10:38 Non match intervals: []
05/11/2017 10:10:38 Non match intervals: [[45, 48]]
05/11/2017 10:10:38 Non match intervals: [[8, 9], [40, 40]]
05/11/2017 10:10:38 Non match intervals: [[0, 0], [9, 12], [21, 21], [27, 27], [33, 34], [42, 42]]
05/11/2017 10:10:39 Non match intervals: []
05/11/2017 10:10:39 Non match intervals: []
05/11/2017 10:10:39 Non match intervals: [[13, 16], [27, 36], [66, 66]]
05/11/2017 10:10:39 Non match intervals: [[0, 0], [9, 9]]
05/11/2017 10:10:39 Non match intervals: []
05/11/2017 10:10:39 Non match intervals: [[0, 0], [7, 7], [30, 30], [39, 39], [53, 53]]
05/11/2017 10:10:39 Non match intervals: [[0, 9], [27, 29], [36, 36]]
05/11/2017 10:10:39 Non match intervals: []
05/11/2017 10:10:39 Non match intervals: [[0, 3]]
05/11/2017 10:10:39 Non match intervals: [[5, 9], [21, 27], [36, 36], [52, 66]]
05/11/2017 10:10:39 Non match intervals: []
05/11/2017 10:10:39 Non match intervals: []
05/11/2017 10:10:39 Non match intervals: []
05/11/2017 10:10:39 Non match intervals: [[0, 0], [11, 14]]
05/11/2017 10:10:39 Non match intervals: []
05/11/2017 10:10:39 Non match intervals: []
05/11/2017 10:10:39 Non match intervals: [[0, 31], [42, 42], [66, 66]]
05/11/2017 10:10:39 Non match intervals: [[12, 12], [29, 31]]
05/11/2017 10:10:39 Non match intervals: [[6, 7]]
05/11/2017 10:10:39 Non match intervals: [[0, 4], [13, 13]]
05/11/2017 10:10:39 Non match intervals: []
05/11/2017 10:10:39 Non match intervals: [[36, 42], [48, 48], [66, 66]]
05/11/2017 10:10:39 Non match intervals: [[0, 0]]
05/11/2017 10:10:39 Non match intervals: [[6, 6]]
05/11/2017 10:10:39 Non match intervals: [[5, 5], [27, 27], [42, 42], [66, 66]]
05/11/2017 10:10:39 Non match intervals: []
05/11/2017 10:10:39 Non match intervals: [[12, 21], [36, 36]]
05/11/2017 10:10:39 Non match intervals: [[0, 0]]
05/11/2017 10:10:39 Non match intervals: []
05/11/2017 10:10:39 Non match intervals: [[0, 0], [9, 9], [21, 21], [27, 28], [36, 42]]
05/11/2017 10:10:39 Non match intervals: [[0, 0], [6, 6]]
05/11/2017 10:10:39 Non match intervals: []
05/11/2017 10:10:39 Non match intervals: [[0, 6]]
05/11/2017 10:10:39 Non match intervals: []
05/11/2017 10:10:39 Non match intervals: []
05/11/2017 10:10:39 Non match intervals: [[33, 33], [39, 42]]
05/11/2017 10:10:39 Non match intervals: [[20, 20], [39, 42]]
05/11/2017 10:10:39 Non match intervals: [[0, 3], [22, 22], [39, 42]]
05/11/2017 10:10:39 Non match intervals: [[12, 12], [24, 24], [39, 42]]
05/11/2017 10:10:40 Non match intervals: [[0, 3], [26, 30]]
05/11/2017 10:10:40 Non match intervals: [[0, 3], [9, 16], [24, 30]]
05/11/2017 10:10:40 Non match intervals: []
05/11/2017 10:10:40 Non match intervals: [[0, 7]]
05/11/2017 10:10:40 Non match intervals: []
05/11/2017 10:10:40 Non match intervals: [[0, 7]]
05/11/2017 10:10:40 Non match intervals: []
05/11/2017 10:10:40 Non match intervals: []
05/11/2017 10:10:40 Non match intervals: []
05/11/2017 10:10:40 Non match intervals: [[0, 0]]
05/11/2017 10:10:40 Non match intervals: [[0, 0], [6, 6]]
05/11/2017 10:10:40 Non match intervals: [[0, 9], [18, 19]]
05/11/2017 10:10:40 Non match intervals: [[9, 9]]
05/11/2017 10:10:40 Non match intervals: [[6, 9]]
05/11/2017 10:10:40 Non match intervals: [[0, 3]]
05/11/2017 10:10:40 Non match intervals: [[0, 3], [18, 19], [28, 30]]
05/11/2017 10:10:40 Non match intervals: [[0, 2], [18, 18], [29, 30]]
05/11/2017 10:10:40 Non match intervals: [[0, 6], [19, 19]]
05/11/2017 10:10:40 Non match intervals: []
05/11/2017 10:10:40 Non match intervals: []
05/11/2017 10:10:40 Non match intervals: [[0, 6]]
05/11/2017 10:10:40 Non match intervals: []
05/11/2017 10:10:40 Non match intervals: []
05/11/2017 10:10:40 Non match intervals: [[0, 2], [9, 13], [24, 30]]
05/11/2017 10:10:40 Non match intervals: []
05/11/2017 10:10:40 Non match intervals: []
05/11/2017 10:10:40 Non match intervals: [[0, 3], [24, 24]]
05/11/2017 10:10:40 Non match intervals: []
05/11/2017 10:10:40 Non match intervals: [[0, 6], [20, 26], [32, 39]]
05/11/2017 10:10:40 Non match intervals: [[0, 6]]
05/11/2017 10:10:40 Non match intervals: []
05/11/2017 10:10:40 Non match intervals: []
05/11/2017 10:10:40 Non match intervals: [[6, 6]]
05/11/2017 10:10:40 Non match intervals: [[6, 6]]
05/11/2017 10:10:40 Non match intervals: [[0, 6]]
05/11/2017 10:10:40 Non match intervals: []
05/11/2017 10:10:40 Non match intervals: []
05/11/2017 10:10:40 Non match intervals: []
05/11/2017 10:10:40 Non match intervals: []
05/11/2017 10:10:40 Non match intervals: [[5, 5], [16, 16], [25, 27]]
05/11/2017 10:10:40 Non match intervals: [[0, 8], [20, 27], [38, 39]]
05/11/2017 10:10:40 Non match intervals: [[0, 3]]
05/11/2017 10:10:40 Non match intervals: []
05/11/2017 10:10:40 Non match intervals: [[7, 7]]
05/11/2017 10:10:40 Non match intervals: []
05/11/2017 10:10:40 Non match intervals: [[17, 17], [27, 29], [38, 39]]
05/11/2017 10:10:40 Non match intervals: [[0, 2], [8, 17], [27, 39]]
05/11/2017 10:10:40 Non match intervals: [[0, 0]]
05/11/2017 10:10:40 Non match intervals: []
05/11/2017 10:10:40 Non match intervals: [[0, 0], [12, 12]]
05/11/2017 10:10:40 Non match intervals: []
05/11/2017 10:10:40 Non match intervals: [[0, 5], [15, 15]]
05/11/2017 10:10:40 Non match intervals: [[0, 3], [11, 11], [29, 29]]
05/11/2017 10:10:40 Non match intervals: [[0, 3], [20, 20], [32, 39]]
05/11/2017 10:10:40 Non match intervals: []
05/11/2017 10:10:40 Non match intervals: []
05/11/2017 10:10:40 Non match intervals: [[0, 3], [21, 24]]
05/11/2017 10:10:40 Non match intervals: [[0, 3], [12, 18], [24, 24]]
05/11/2017 10:10:40 Non match intervals: [[6, 6]]
05/11/2017 10:10:40 Non match intervals: [[0, 0]]
05/11/2017 10:10:40 Non match intervals: [[0, 4]]
05/11/2017 10:10:40 Non match intervals: [[12, 15]]
05/11/2017 10:10:41 Non match intervals: [[9, 9], [18, 43], [52, 52], [60, 61]]
05/11/2017 10:10:41 Non match intervals: []
05/11/2017 10:10:41 Non match intervals: [[0, 6], [25, 25]]
05/11/2017 10:10:41 Non match intervals: [[0, 0]]
05/11/2017 10:10:41 Non match intervals: [[6, 6]]
05/11/2017 10:10:41 Non match intervals: []
05/11/2017 10:10:41 Non match intervals: [[13, 18]]
05/11/2017 10:10:41 Non match intervals: [[0, 3], [9, 9], [18, 31], [42, 42], [51, 51], [59, 61]]
05/11/2017 10:10:41 Non match intervals: [[0, 0], [7, 13]]
05/11/2017 10:10:41 Non match intervals: []
05/11/2017 10:10:41 Non match intervals: []
05/11/2017 10:10:41 Non match intervals: []
05/11/2017 10:10:41 Non match intervals: []
05/11/2017 10:10:41 Non match intervals: []
05/11/2017 10:10:41 Non match intervals: [[9, 9], [31, 42]]
05/11/2017 10:10:41 Non match intervals: []
05/11/2017 10:10:41 Non match intervals: []
05/11/2017 10:10:41 Non match intervals: [[0, 3], [21, 31], [38, 45], [57, 61]]
05/11/2017 10:10:41 Non match intervals: [[0, 1]]
05/11/2017 10:10:41 Non match intervals: []
05/11/2017 10:10:41 Non match intervals: []
05/11/2017 10:10:41 Non match intervals: [[0, 0], [7, 7]]
05/11/2017 10:10:41 Non match intervals: []
05/11/2017 10:10:41 Non match intervals: [[0, 1], [21, 24], [33, 33], [52, 52], [60, 61]]
05/11/2017 10:10:41 Non match intervals: []
05/11/2017 10:10:41 Non match intervals: [[13, 13], [21, 24], [45, 45], [60, 61]]
05/11/2017 10:10:41 Non match intervals: [[0, 11], [18, 31], [38, 42], [52, 52], [60, 61]]
05/11/2017 10:10:41 Non match intervals: [[0, 0], [11, 11]]
05/11/2017 10:10:41 Non match intervals: []
05/11/2017 10:10:41 Non match intervals: []
05/11/2017 10:10:41 Non match intervals: [[6, 13]]
05/11/2017 10:10:42 Non match intervals: []
05/11/2017 10:10:42 Non match intervals: []
05/11/2017 10:10:42 Non match intervals: []
05/11/2017 10:10:42 Non match intervals: []
05/11/2017 10:10:42 Non match intervals: []
05/11/2017 10:10:42 Non match intervals: []
05/11/2017 10:10:42 Non match intervals: []
05/11/2017 10:10:42 Non match intervals: [[0, 3], [9, 15], [21, 24]]
05/11/2017 10:10:42 Non match intervals: []
05/11/2017 10:10:42 Non match intervals: []
05/11/2017 10:10:42 Non match intervals: []
05/11/2017 10:10:42 Non match intervals: [[13, 24]]
05/11/2017 10:10:42 Non match intervals: []
05/11/2017 10:10:42 Non match intervals: [[10, 11]]
05/11/2017 10:10:42 Non match intervals: [[0, 0], [6, 6], [23, 24]]
05/11/2017 10:10:42 Non match intervals: [[0, 6]]
05/11/2017 10:10:42 Non match intervals: []
05/11/2017 10:10:42 Non match intervals: [[0, 0], [6, 6]]
05/11/2017 10:10:42 Non match intervals: []
05/11/2017 10:10:42 Non match intervals: [[0, 0], [9, 9], [23, 24]]
05/11/2017 10:10:42 Non match intervals: [[0, 3], [12, 12], [33, 33], [39, 46]]
05/11/2017 10:10:42 Non match intervals: [[0, 7]]
05/11/2017 10:10:42 Non match intervals: []
05/11/2017 10:10:42 Non match intervals: []
05/11/2017 10:10:42 Non match intervals: [[0, 0]]
05/11/2017 10:10:42 Non match intervals: []
05/11/2017 10:10:42 Non match intervals: []
05/11/2017 10:10:42 Non match intervals: [[0, 0], [21, 22], [36, 36], [43, 46]]
05/11/2017 10:10:42 Non match intervals: [[0, 2], [13, 21], [27, 27], [33, 33], [43, 46]]
05/11/2017 10:10:42 Non match intervals: [[7, 8]]
05/11/2017 10:10:42 Non match intervals: []
05/11/2017 10:10:42 Non match intervals: [[0, 6], [31, 34], [43, 46]]
05/11/2017 10:10:42 Non match intervals: [[6, 6]]
05/11/2017 10:10:42 Non match intervals: []
05/11/2017 10:10:42 Non match intervals: []
05/11/2017 10:10:42 Non match intervals: []
05/11/2017 10:10:42 Non match intervals: [[0, 3], [11, 15], [33, 36], [46, 46]]
05/11/2017 10:10:42 Non match intervals: [[0, 0], [10, 12]]
05/11/2017 10:10:42 Non match intervals: [[10, 12]]
05/11/2017 10:10:42 Non match intervals: [[0, 6]]
05/11/2017 10:10:42 Non match intervals: [[6, 6]]
05/11/2017 10:10:42 Non match intervals: []
05/11/2017 10:10:42 Non match intervals: [[0, 0]]
05/11/2017 10:10:42 Non match intervals: [[0, 9], [27, 27]]
05/11/2017 10:10:42 Non match intervals: []
05/11/2017 10:10:42 Non match intervals: [[9, 9]]
05/11/2017 10:10:42 Non match intervals: [[0, 0], [9, 12], [26, 27]]
05/11/2017 10:10:42 Non match intervals: [[0, 7], [27, 27]]
05/11/2017 10:10:42 Non match intervals: [[0, 7]]
05/11/2017 10:10:42 Non match intervals: []
05/11/2017 10:10:42 Non match intervals: [[0, 7]]
05/11/2017 10:10:42 Non match intervals: []
05/11/2017 10:10:42 Non match intervals: []
05/11/2017 10:10:42 Non match intervals: []
05/11/2017 10:10:42 Non match intervals: []
05/11/2017 10:10:42 Non match intervals: [[8, 8], [15, 15], [27, 27]]
05/11/2017 10:10:42 Non match intervals: [[0, 3], [15, 15]]
05/11/2017 10:10:42 Non match intervals: [[0, 0], [9, 15]]
05/11/2017 10:10:42 Non match intervals: [[0, 0], [6, 6]]
05/11/2017 10:10:42 Non match intervals: []
05/11/2017 10:10:42 Non match intervals: [[0, 0], [15, 15]]
05/11/2017 10:10:42 Non match intervals: [[0, 3]]
05/11/2017 10:10:42 Non match intervals: [[0, 1], [12, 18]]
05/11/2017 10:10:42 Non match intervals: []
05/11/2017 10:10:42 Non match intervals: [[0, 0]]
05/11/2017 10:10:42 Non match intervals: [[15, 18]]
05/11/2017 10:10:42 Non match intervals: [[0, 4], [16, 18]]
05/11/2017 10:10:42 Non match intervals: [[18, 18]]
05/11/2017 10:10:43 Non match intervals: [[6, 12]]
05/11/2017 10:10:43 Non match intervals: []
05/11/2017 10:10:43 Non match intervals: []
05/11/2017 10:10:43 Non match intervals: [[0, 12]]
05/11/2017 10:10:43 Non match intervals: [[9, 12]]
05/11/2017 10:10:43 Non match intervals: []
05/11/2017 10:10:43 Non match intervals: [[0, 0], [10, 12]]
05/11/2017 10:10:43 Non match intervals: [[0, 1]]
05/11/2017 10:10:43 Non match intervals: [[0, 3], [9, 12]]
05/11/2017 10:10:43 Non match intervals: [[0, 0], [10, 12]]
05/11/2017 10:10:43 Non match intervals: [[0, 0], [21, 24]]
05/11/2017 10:10:43 Non match intervals: [[0, 0], [6, 9], [15, 15], [24, 24]]
05/11/2017 10:10:43 Non match intervals: [[0, 4]]
05/11/2017 10:10:43 Non match intervals: [[0, 3]]
05/11/2017 10:10:43 Non match intervals: []
05/11/2017 10:10:43 Non match intervals: [[0, 0], [12, 15], [21, 22]]
05/11/2017 10:10:43 Non match intervals: [[0, 3], [15, 15], [27, 28], [35, 39]]
05/11/2017 10:10:43 Non match intervals: [[12, 12], [19, 22], [35, 39]]
05/11/2017 10:10:43 Non match intervals: [[15, 28]]
05/11/2017 10:10:43 Non match intervals: [[0, 3]]
05/11/2017 10:10:43 Non match intervals: []
05/11/2017 10:10:43 Non match intervals: [[0, 0], [13, 13]]
05/11/2017 10:10:43 Non match intervals: []
05/11/2017 10:10:43 Non match intervals: [[6, 7], [27, 30]]
05/11/2017 10:10:43 Non match intervals: [[15, 15], [30, 30], [36, 39]]
05/11/2017 10:10:43 Non match intervals: [[7, 7]]
05/11/2017 10:10:43 Non match intervals: []
05/11/2017 10:10:43 Non match intervals: [[0, 3], [18, 21]]
05/11/2017 10:10:43 Non match intervals: [[12, 12], [21, 21]]
05/11/2017 10:10:43 Non match intervals: [[5, 5], [12, 12], [21, 21]]
05/11/2017 10:10:43 Non match intervals: [[12, 12], [21, 21]]
05/11/2017 10:10:43 Non match intervals: [[0, 0], [6, 9]]
05/11/2017 10:10:43 Non match intervals: []
05/11/2017 10:10:43 Non match intervals: [[0, 2], [9, 11]]
05/11/2017 10:10:43 Non match intervals: [[0, 2], [17, 17], [33, 39]]
05/11/2017 10:10:43 Non match intervals: []
05/11/2017 10:10:43 Non match intervals: []
05/11/2017 10:10:43 Non match intervals: []
05/11/2017 10:10:43 Non match intervals: [[0, 2], [15, 24]]
05/11/2017 10:10:43 Non match intervals: [[7, 9]]
05/11/2017 10:10:43 Non match intervals: []
05/11/2017 10:10:43 Non match intervals: [[0, 6], [12, 24]]
05/11/2017 10:10:43 Non match intervals: [[0, 0], [6, 6]]
05/11/2017 10:10:43 Non match intervals: [[0, 1]]
05/11/2017 10:10:43 Non match intervals: [[0, 0], [9, 12]]
05/11/2017 10:10:43 Non match intervals: [[0, 4]]
05/11/2017 10:10:43 Non match intervals: []
05/11/2017 10:10:43 Non match intervals: [[0, 2], [15, 16], [24, 24]]
05/11/2017 10:10:43 Non match intervals: [[0, 2], [9, 12]]
05/11/2017 10:10:44 Non match intervals: [[0, 7]]
05/11/2017 10:10:44 Non match intervals: []
05/11/2017 10:10:44 Non match intervals: []
05/11/2017 10:10:44 Non match intervals: [[0, 12], [27, 27]]
05/11/2017 10:10:44 Non match intervals: [[0, 2], [12, 12]]
05/11/2017 10:10:44 Non match intervals: [[0, 7]]
05/11/2017 10:10:44 Non match intervals: [[7, 7]]
05/11/2017 10:10:44 Non match intervals: []
05/11/2017 10:10:44 Non match intervals: []
05/11/2017 10:10:44 Non match intervals: []
05/11/2017 10:10:44 Non match intervals: [[0, 7]]
05/11/2017 10:10:44 Non match intervals: [[0, 7]]
05/11/2017 10:10:44 Non match intervals: [[0, 0], [7, 7]]
05/11/2017 10:10:44 Non match intervals: []
05/11/2017 10:10:44 Non match intervals: [[0, 2]]
05/11/2017 10:10:44 Non match intervals: [[7, 7]]
05/11/2017 10:10:44 Non match intervals: []
05/11/2017 10:10:44 Non match intervals: [[0, 4], [21, 21]]
05/11/2017 10:10:44 Non match intervals: [[0, 4], [11, 12]]
05/11/2017 10:10:44 Non match intervals: [[21, 21]]
05/11/2017 10:10:44 Non match intervals: [[0, 3], [12, 12], [21, 28], [42, 42]]
05/11/2017 10:10:44 Non match intervals: []
05/11/2017 10:10:44 Non match intervals: [[0, 7]]
05/11/2017 10:10:44 Non match intervals: []
05/11/2017 10:10:44 Non match intervals: []
05/11/2017 10:10:44 Non match intervals: []
05/11/2017 10:10:44 Non match intervals: [[0, 3], [9, 15], [42, 42]]
05/11/2017 10:10:44 Non match intervals: [[0, 1]]
05/11/2017 10:10:44 Non match intervals: []
05/11/2017 10:10:44 Non match intervals: [[12, 12], [18, 21], [42, 42]]
05/11/2017 10:10:44 Non match intervals: []
05/11/2017 10:10:44 Non match intervals: []
05/11/2017 10:10:44 Non match intervals: [[0, 0], [12, 15], [21, 30]]
05/11/2017 10:10:44 Non match intervals: [[6, 9]]
05/11/2017 10:10:44 Non match intervals: [[0, 0], [9, 9]]
05/11/2017 10:10:44 Non match intervals: [[0, 3], [29, 30]]
05/11/2017 10:10:44 Non match intervals: [[6, 18], [30, 30]]
05/11/2017 10:10:44 Non match intervals: [[0, 3], [12, 12]]
05/11/2017 10:10:44 Non match intervals: [[9, 12]]
05/11/2017 10:10:44 Non match intervals: [[0, 3], [12, 12], [18, 18], [29, 30]]
05/11/2017 10:10:44 Non match intervals: [[0, 0], [24, 30]]
05/11/2017 10:10:44 Non match intervals: []
05/11/2017 10:10:44 Non match intervals: [[0, 0]]
05/11/2017 10:10:44 Non match intervals: [[0, 3], [9, 9], [27, 30]]
05/11/2017 10:10:44 Non match intervals: [[0, 0], [6, 6]]
05/11/2017 10:10:44 Non match intervals: []
05/11/2017 10:10:44 Non match intervals: [[0, 6]]
05/11/2017 10:10:44 Non match intervals: [[0, 0], [6, 6]]
05/11/2017 10:10:44 Non match intervals: []
05/11/2017 10:10:44 Non match intervals: []
05/11/2017 10:10:44 Non match intervals: []
05/11/2017 10:10:44 Non match intervals: [[78, 81]]
05/11/2017 10:10:44 Non match intervals: [[0, 0], [6, 6], [70, 73], [79, 81]]
05/11/2017 10:10:44 Non match intervals: [[66, 66]]
05/11/2017 10:10:44 Non match intervals: [[0, 3], [73, 73]]
05/11/2017 10:10:44 Non match intervals: [[0, 0], [7, 7]]
05/11/2017 10:10:44 Non match intervals: [[0, 0], [7, 7]]
05/11/2017 10:10:44 Non match intervals: []
05/11/2017 10:10:44 Non match intervals: [[0, 4], [13, 17], [25, 28]]
05/11/2017 10:10:44 Non match intervals: [[25, 28]]
05/11/2017 10:10:44 Non match intervals: [[0, 4], [28, 28]]
05/11/2017 10:10:44 Non match intervals: []
05/11/2017 10:10:44 Non match intervals: [[0, 0], [9, 9]]
05/11/2017 10:10:44 Non match intervals: []
05/11/2017 10:10:44 Non match intervals: [[0, 0], [6, 6]]
05/11/2017 10:10:44 Non match intervals: []
05/11/2017 10:10:44 Non match intervals: [[5, 6]]
05/11/2017 10:10:44 Non match intervals: []
05/11/2017 10:10:44 Non match intervals: [[0, 0]]
05/11/2017 10:10:44 Non match intervals: [[0, 0], [6, 6]]
05/11/2017 10:10:44 Non match intervals: []
05/11/2017 10:10:45 Non match intervals: []
05/11/2017 10:10:45 Non match intervals: [[15, 15], [27, 27], [45, 45], [60, 63], [69, 69]]
05/11/2017 10:10:45 Non match intervals: [[6, 9], [15, 27], [39, 39], [53, 53]]
05/11/2017 10:10:45 Non match intervals: []
05/11/2017 10:10:45 Non match intervals: [[0, 0], [12, 12]]
05/11/2017 10:10:45 Non match intervals: [[15, 33], [46, 57], [63, 69]]
05/11/2017 10:10:45 Non match intervals: [[0, 7], [18, 18]]
05/11/2017 10:10:45 Non match intervals: []
05/11/2017 10:10:45 Non match intervals: []
05/11/2017 10:10:45 Non match intervals: []
05/11/2017 10:10:45 Non match intervals: [[15, 18]]
05/11/2017 10:10:45 Non match intervals: [[5, 11]]
05/11/2017 10:10:45 Non match intervals: []
05/11/2017 10:10:45 Non match intervals: []
05/11/2017 10:10:45 Non match intervals: [[0, 0], [11, 11]]
05/11/2017 10:10:45 Non match intervals: []
05/11/2017 10:10:45 Non match intervals: [[0, 0], [6, 6]]
05/11/2017 10:10:45 Non match intervals: [[0, 3], [48, 48], [69, 69]]
05/11/2017 10:10:45 Non match intervals: []
05/11/2017 10:10:45 Non match intervals: [[12, 27], [33, 33], [48, 48], [57, 60], [69, 69]]
05/11/2017 10:10:45 Non match intervals: [[0, 0], [15, 15]]
05/11/2017 10:10:45 Non match intervals: []
05/11/2017 10:10:45 Non match intervals: [[12, 12], [27, 30], [48, 48], [63, 63], [69, 69]]
05/11/2017 10:10:45 Non match intervals: [[12, 12], [33, 33], [39, 39], [57, 57], [69, 69]]
05/11/2017 10:10:45 Non match intervals: []
05/11/2017 10:10:45 Non match intervals: []
05/11/2017 10:10:45 Non match intervals: [[0, 0], [6, 6]]
05/11/2017 10:10:45 Non match intervals: []
05/11/2017 10:10:45 Non match intervals: [[0, 0], [10, 10]]
05/11/2017 10:10:45 Non match intervals: []
05/11/2017 10:10:45 Non match intervals: [[0, 2]]
05/11/2017 10:10:45 Write PRG file to fifty.max_nest10.min_match5.prg
05/11/2017 10:10:45 Max_nesting_reached	5
05/11/2017 10:10:45 Write GFA file to fifty.max_nest10.min_match5.gfa
