26/09/2017 02:55:48 Using info logging
26/09/2017 02:55:48 Input parameters max_nesting: 10, min_match_length: 5
26/09/2017 02:55:48 Read from MSA file HIV1_ALL_2016_pol_DNA_5_samples.fasta
26/09/2017 02:55:49 Non match intervals: [[11, 15], [25, 26], [36, 36], [42, 45], [51, 59], [113, 114], [146, 233], [276, 374], [383, 384], [404, 407], [414, 437], [446, 447], [467, 467], [485, 501], [511, 511], [526, 526], [548, 551], [557, 565], [585, 587], [596, 596], [603, 608], [629, 635], [653, 653], [671, 675], [683, 683], [692, 695], [707, 710], [716, 719], [725, 725], [739, 743], [776, 776], [782, 782], [801, 801], [808, 808], [831, 832], [842, 848], [863, 863], [874, 875], [890, 890], [909, 909], [920, 920], [932, 941], [959, 962], [974, 983], [989, 1001], [1007, 1007], [1022, 1025], [1034, 1034], [1040, 1040], [1058, 1065], [1103, 1106], [1112, 1115], [1121, 1121], [1130, 1166], [1172, 1172], [1178, 1181], [1198, 1198], [1208, 1208], [1220, 1226], [1244, 1244], [1250, 1250], [1271, 1272], [1280, 1286], [1302, 1305], [1316, 1328], [1337, 1352], [1361, 1362], [1370, 1370], [1382, 1382], [1391, 1406], [1413, 1413], [1424, 1439], [1445, 1451], [1457, 1466], [1481, 1481], [1502, 1502], [1511, 1511], [1523, 1523], [1541, 1544], [1553, 1553], [1563, 1586], [1601, 1601], [1610, 1610], [1622, 1628], [1661, 1661], [1667, 1668], [1680, 1710], [1719, 1719], [1727, 1745], [1754, 1755], [1761, 1763], [1772, 1778], [1794, 1802], [1808, 1814], [1820, 1820], [1832, 1836], [1853, 1865], [1877, 1877], [1892, 1892], [1908, 1913], [1927, 1949], [1963, 1979], [1988, 2001], [2021, 2027], [2036, 2042], [2053, 2054], [2066, 2067], [2076, 2082], [2090, 2093], [2102, 2102], [2108, 2108], [2120, 2120], [2129, 2141], [2165, 2165], [2171, 2171], [2178, 2180], [2189, 2192], [2207, 2207], [2213, 2225], [2231, 2237], [2246, 2261], [2267, 2267], [2273, 2280], [2286, 2291], [2300, 2318], [2327, 2330], [2336, 2339], [2345, 2355], [2366, 2366], [2378, 2378], [2384, 2384], [2408, 2408], [2420, 2423], [2429, 2450], [2457, 2463], [2472, 2496], [2516, 2519], [2537, 2537], [2543, 2543], [2552, 2577], [2586, 2586], [2593, 2594], [2609, 2609], [2615, 2629], [2639, 2649], [2656, 2672], [2679, 2682], [2693, 2693], [2702, 2707], [2720, 2727], [2735, 2738], [2765, 2765], [2774, 2774], [2784, 2801], [2813, 2819], [2828, 2828], [2882, 2882], [2891, 2891], [2912, 2912], [2927, 2933], [2942, 2954], [2980, 2996], [3002, 3002], [3008, 3008], [3015, 3032], [3050, 3059], [3071, 3071], [3077, 3077], [3089, 3089], [3101, 3104], [3119, 3125], [3140, 3140], [3146, 3149], [3158, 3161], [3170, 3170], [3176, 3176], [3203, 3203], [3236, 3236], [3309, 3309], [3329, 3329], [3352, 3356], [3386, 3386], [3405, 3411], [3431, 3434], [3473, 3491], [3497, 3497], [3503, 3503], [3515, 3524], [3530, 3533], [3576, 3576], [3590, 3590]]
26/09/2017 02:55:49 Non match intervals: []
26/09/2017 02:55:49 Non match intervals: []
26/09/2017 02:55:49 Non match intervals: [[0, 0], [8, 8]]
26/09/2017 02:55:49 Non match intervals: []
26/09/2017 02:55:49 Non match intervals: [[0, 13], [68, 68], [80, 87]]
26/09/2017 02:55:49 Non match intervals: [[7, 13]]
26/09/2017 02:55:49 Non match intervals: []
26/09/2017 02:55:49 Non match intervals: []
26/09/2017 02:55:49 Non match intervals: []
26/09/2017 02:55:49 Non match intervals: [[0, 7]]
26/09/2017 02:55:49 Non match intervals: []
26/09/2017 02:55:49 Non match intervals: []
26/09/2017 02:55:49 Non match intervals: []
26/09/2017 02:55:49 Non match intervals: []
26/09/2017 02:55:49 Non match intervals: [[5, 89], [98, 98]]
26/09/2017 02:55:49 Non match intervals: []
26/09/2017 02:55:49 Non match intervals: []
26/09/2017 02:55:49 Non match intervals: [[0, 0], [68, 98]]
26/09/2017 02:55:49 Non match intervals: []
26/09/2017 02:55:49 Non match intervals: []
26/09/2017 02:55:49 Non match intervals: []
26/09/2017 02:55:49 Non match intervals: []
26/09/2017 02:55:49 Non match intervals: [[6, 10]]
26/09/2017 02:55:49 Non match intervals: [[5, 5], [11, 11]]
26/09/2017 02:55:49 Non match intervals: [[0, 11]]
26/09/2017 02:55:49 Non match intervals: []
26/09/2017 02:55:49 Non match intervals: [[0, 0]]
26/09/2017 02:55:49 Non match intervals: [[16, 16]]
26/09/2017 02:55:49 Non match intervals: [[8, 8]]
26/09/2017 02:55:49 Non match intervals: []
26/09/2017 02:55:49 Non match intervals: []
26/09/2017 02:55:49 Non match intervals: []
26/09/2017 02:55:49 Non match intervals: []
26/09/2017 02:55:49 Non match intervals: []
26/09/2017 02:55:49 Non match intervals: [[6, 6]]
26/09/2017 02:55:49 Non match intervals: [[0, 0]]
26/09/2017 02:55:49 Non match intervals: []
26/09/2017 02:55:49 Non match intervals: [[0, 0], [9, 9]]
26/09/2017 02:55:49 Non match intervals: []
26/09/2017 02:55:49 Non match intervals: [[0, 0], [9, 9]]
26/09/2017 02:55:49 Non match intervals: [[0, 3]]
26/09/2017 02:55:49 Non match intervals: [[0, 0], [12, 12]]
26/09/2017 02:55:49 Non match intervals: []
26/09/2017 02:55:49 Non match intervals: [[0, 0], [6, 7]]
26/09/2017 02:55:49 Non match intervals: [[6, 7]]
26/09/2017 02:55:49 Non match intervals: [[6, 6], [28, 36]]
26/09/2017 02:55:49 Non match intervals: []
26/09/2017 02:55:49 Non match intervals: []
26/09/2017 02:55:49 Non match intervals: [[0, 0], [7, 7], [28, 29]]
26/09/2017 02:55:49 Non match intervals: []
26/09/2017 02:55:49 Non match intervals: []
26/09/2017 02:55:49 Non match intervals: []
26/09/2017 02:55:49 Non match intervals: [[0, 6]]
26/09/2017 02:55:49 Non match intervals: []
26/09/2017 02:55:49 Non match intervals: []
26/09/2017 02:55:49 Non match intervals: [[6, 6]]
26/09/2017 02:55:49 Non match intervals: []
26/09/2017 02:55:49 Non match intervals: [[7, 12]]
26/09/2017 02:55:49 Non match intervals: []
26/09/2017 02:55:49 Non match intervals: [[0, 0], [15, 15]]
26/09/2017 02:55:49 Non match intervals: []
26/09/2017 02:55:49 Non match intervals: [[0, 0], [15, 15]]
26/09/2017 02:55:49 Non match intervals: []
26/09/2017 02:55:49 Non match intervals: [[0, 3]]
26/09/2017 02:55:49 Non match intervals: []
26/09/2017 02:55:49 Non match intervals: [[0, 1]]
26/09/2017 02:55:49 Non match intervals: [[0, 0]]
26/09/2017 02:55:49 Non match intervals: [[0, 0], [6, 6]]
26/09/2017 02:55:49 Non match intervals: []
26/09/2017 02:55:49 Non match intervals: []
26/09/2017 02:55:49 Non match intervals: [[0, 0], [9, 9]]
26/09/2017 02:55:49 Non match intervals: [[0, 5], [17, 17], [23, 23]]
26/09/2017 02:55:49 Non match intervals: []
26/09/2017 02:55:49 Non match intervals: []
26/09/2017 02:55:49 Non match intervals: []
26/09/2017 02:55:49 Non match intervals: []
26/09/2017 02:55:49 Non match intervals: []
26/09/2017 02:55:49 Non match intervals: []
26/09/2017 02:55:49 Non match intervals: [[0, 5], [20, 20]]
26/09/2017 02:55:49 Non match intervals: []
26/09/2017 02:55:49 Non match intervals: [[0, 1], [7, 7]]
26/09/2017 02:55:49 Non match intervals: [[0, 0], [6, 6]]
26/09/2017 02:55:49 Non match intervals: []
26/09/2017 02:55:49 Non match intervals: [[8, 8]]
26/09/2017 02:55:49 Non match intervals: [[0, 0], [6, 8]]
26/09/2017 02:55:49 Non match intervals: []
26/09/2017 02:55:49 Non match intervals: [[0, 0], [6, 6]]
26/09/2017 02:55:49 Non match intervals: []
26/09/2017 02:55:50 Non match intervals: []
26/09/2017 02:55:50 Non match intervals: [[8, 12]]
26/09/2017 02:55:50 Non match intervals: []
26/09/2017 02:55:50 Non match intervals: []
26/09/2017 02:55:50 Non match intervals: [[0, 0], [6, 13], [22, 22]]
26/09/2017 02:55:50 Non match intervals: [[0, 7]]
26/09/2017 02:55:50 Non match intervals: []
26/09/2017 02:55:50 Non match intervals: []
26/09/2017 02:55:50 Non match intervals: []
26/09/2017 02:55:50 Non match intervals: []
26/09/2017 02:55:50 Non match intervals: [[0, 1], [12, 16]]
26/09/2017 02:55:50 Non match intervals: []
26/09/2017 02:55:50 Non match intervals: [[9, 9]]
26/09/2017 02:55:50 Non match intervals: [[0, 4]]
26/09/2017 02:55:50 Non match intervals: []
26/09/2017 02:55:50 Non match intervals: []
26/09/2017 02:55:50 Non match intervals: []
26/09/2017 02:55:50 Non match intervals: []
26/09/2017 02:55:50 Non match intervals: []
26/09/2017 02:55:50 Non match intervals: [[6, 6]]
26/09/2017 02:55:50 Non match intervals: [[0, 6]]
26/09/2017 02:55:50 Non match intervals: []
26/09/2017 02:55:50 Non match intervals: []
26/09/2017 02:55:50 Non match intervals: []
26/09/2017 02:55:50 Non match intervals: []
26/09/2017 02:55:50 Non match intervals: [[5, 6]]
26/09/2017 02:55:50 Non match intervals: []
26/09/2017 02:55:50 Non match intervals: [[0, 6]]
26/09/2017 02:55:50 Non match intervals: []
26/09/2017 02:55:50 Non match intervals: []
26/09/2017 02:55:50 Non match intervals: []
26/09/2017 02:55:50 Non match intervals: [[9, 12]]
26/09/2017 02:55:50 Non match intervals: [[0, 0], [12, 12]]
26/09/2017 02:55:50 Non match intervals: [[0, 1]]
26/09/2017 02:55:50 Non match intervals: []
26/09/2017 02:55:50 Non match intervals: []
26/09/2017 02:55:50 Non match intervals: []
26/09/2017 02:55:50 Non match intervals: [[0, 4], [14, 15]]
26/09/2017 02:55:50 Non match intervals: [[0, 0], [6, 7]]
26/09/2017 02:55:50 Non match intervals: []
26/09/2017 02:55:50 Non match intervals: []
26/09/2017 02:55:50 Non match intervals: [[0, 0], [7, 10]]
26/09/2017 02:55:50 Non match intervals: []
26/09/2017 02:55:50 Non match intervals: [[0, 3]]
26/09/2017 02:55:50 Non match intervals: [[0, 0], [10, 10]]
26/09/2017 02:55:50 Non match intervals: [[0, 0], [9, 10]]
26/09/2017 02:55:50 Non match intervals: []
26/09/2017 02:55:50 Non match intervals: []
26/09/2017 02:55:50 Non match intervals: [[0, 6]]
26/09/2017 02:55:50 Non match intervals: []
26/09/2017 02:55:50 Non match intervals: [[0, 6]]
26/09/2017 02:55:50 Non match intervals: []
26/09/2017 02:55:50 Non match intervals: []
26/09/2017 02:55:50 Non match intervals: []
26/09/2017 02:55:50 Non match intervals: []
26/09/2017 02:55:50 Non match intervals: []
26/09/2017 02:55:50 Non match intervals: [[0, 8]]
26/09/2017 02:55:50 Non match intervals: [[5, 8]]
26/09/2017 02:55:50 Non match intervals: []
26/09/2017 02:55:50 Non match intervals: []
26/09/2017 02:55:50 Non match intervals: [[0, 6], [20, 25]]
26/09/2017 02:55:50 Non match intervals: []
26/09/2017 02:55:50 Non match intervals: [[0, 6]]
26/09/2017 02:55:50 Non match intervals: []
26/09/2017 02:55:50 Non match intervals: []
26/09/2017 02:55:50 Non match intervals: []
26/09/2017 02:55:50 Non match intervals: []
26/09/2017 02:55:50 Non match intervals: []
26/09/2017 02:55:50 Non match intervals: []
26/09/2017 02:55:50 Non match intervals: [[0, 6]]
26/09/2017 02:55:50 Non match intervals: []
26/09/2017 02:55:50 Non match intervals: []
26/09/2017 02:55:50 Non match intervals: []
26/09/2017 02:55:50 Non match intervals: [[0, 3], [10, 10]]
26/09/2017 02:55:50 Non match intervals: []
26/09/2017 02:55:50 Non match intervals: [[0, 1], [11, 16]]
26/09/2017 02:55:50 Non match intervals: []
26/09/2017 02:55:50 Non match intervals: [[0, 7]]
26/09/2017 02:55:50 Non match intervals: []
26/09/2017 02:55:50 Non match intervals: []
26/09/2017 02:55:50 Non match intervals: []
26/09/2017 02:55:50 Non match intervals: []
26/09/2017 02:55:50 Non match intervals: [[0, 0], [11, 17]]
26/09/2017 02:55:50 Non match intervals: []
26/09/2017 02:55:50 Non match intervals: []
26/09/2017 02:55:50 Non match intervals: []
26/09/2017 02:55:50 Non match intervals: [[0, 2], [17, 17]]
26/09/2017 02:55:50 Non match intervals: [[0, 6]]
26/09/2017 02:55:50 Non match intervals: [[0, 6]]
26/09/2017 02:55:50 Non match intervals: []
26/09/2017 02:55:50 Non match intervals: []
26/09/2017 02:55:50 Non match intervals: []
26/09/2017 02:55:50 Non match intervals: []
26/09/2017 02:55:50 Non match intervals: []
26/09/2017 02:55:50 Non match intervals: [[0, 0], [6, 6]]
26/09/2017 02:55:50 Non match intervals: []
26/09/2017 02:55:50 Non match intervals: [[0, 7]]
26/09/2017 02:55:50 Non match intervals: []
26/09/2017 02:55:50 Non match intervals: []
26/09/2017 02:55:50 Non match intervals: [[12, 12]]
26/09/2017 02:55:51 Non match intervals: []
26/09/2017 02:55:51 Non match intervals: [[7, 7], [16, 16]]
26/09/2017 02:55:51 Non match intervals: [[0, 0], [16, 16]]
26/09/2017 02:55:51 Non match intervals: []
26/09/2017 02:55:51 Non match intervals: [[0, 2]]
26/09/2017 02:55:51 Non match intervals: [[0, 9]]
26/09/2017 02:55:51 Non match intervals: []
26/09/2017 02:55:51 Non match intervals: []
26/09/2017 02:55:51 Non match intervals: [[0, 0]]
26/09/2017 02:55:51 Non match intervals: []
26/09/2017 02:55:51 Non match intervals: []
26/09/2017 02:55:51 Non match intervals: []
26/09/2017 02:55:51 Non match intervals: []
26/09/2017 02:55:51 Non match intervals: []
26/09/2017 02:55:51 Non match intervals: [[0, 3], [18, 18]]
26/09/2017 02:55:51 Non match intervals: []
26/09/2017 02:55:51 Non match intervals: [[9, 9]]
26/09/2017 02:55:51 Non match intervals: []
26/09/2017 02:55:51 Write PRG file to five.max_nest10.min_match5.prg
26/09/2017 02:55:51 Max_nesting_reached	3
26/09/2017 02:55:51 Write GFA file to five.max_nest10.min_match5.gfa
